Arguments: 
  /Users/vijetmahabaleshwar/.nvm/versions/node/v12.13.0/bin/node /Users/vijetmahabaleshwar/.nvm/versions/node/v12.13.0/bin/yarn install

PATH: 
  /Users/vijetmahabaleshwar/.nvm/versions/node/v12.13.0/bin:/usr/local/opt/mysql-client/bin:/Users/vijetmahabaleshwar/okta/okta-core/bin:/Users/vijetmahabaleshwar/okta/okta-core/test/tools/ui/scripts:/Users/vijetmahabaleshwar/okta/thirdparty/tomcat/8.5.57/bin:/Users/vijetmahabaleshwar/okta/thirdparty/apache-ant-1.8.2/bin:/Users/vijetmahabaleshwar/.sdkman/candidates/maven/current/bin:/Users/vijetmahabaleshwar/.sdkman/candidates/java/current/bin:/Users/vijetmahabaleshwar/.sdkman/candidates/groovy/current/bin:/Users/vijetmahabaleshwar/.okta/tools/devcli/bin:/usr/local/sbin:/Users/vijetmahabaleshwar/.strap/releases/current/bin:/usr/local/bin:/usr/bin:/bin:/usr/sbin:/sbin:/Applications/VMware Fusion.app/Contents/Public:/usr/local/go/bin:/Library/Apple/usr/bin

Yarn version: 
  1.21.1

Node version: 
  12.13.0

Platform: 
  darwin x64

Trace: 
  Error: getaddrinfo ENOTFOUND artifacts.aue1d.saasure.com
      at GetAddrInfoReqWrap.onlookup [as oncomplete] (dns.js:60:26)

npm manifest: 
  {
    "name": "@okta/samples-js-react",
    "version": "2.0.0",
    "description": "React Sample Applications for Okta",
    "scripts": {
      "banners": "node tools/maintain-banners.js {okta-hosted-login,custom-login,tools,scripts}/{*js,src/**/*{js,jsx,css}}",
      "lint:okta-hosted-login": "npm run lint --prefix okta-hosted-login/",
      "lint:custom-login": "npm run lint --prefix custom-login/",
      "lint": "npm run lint:okta-hosted-login && npm run lint:custom-login",
      "test": "npm run lint && npm run test:unit && npm run test:e2e",
      "okta-hosted-login-server": "npm start --prefix okta-hosted-login/",
      "test:okta-hosted-login": "export TEST_TYPE=implicit || setx TEST_TYPE \"implicit\" && protractor okta-hosted-login/protractor.conf.js",
      "custom-login-server": "npm start --prefix custom-login/",
      "test:custom-login": "export TEST_TYPE=implicit || setx TEST_TYPE \"implicit\" && protractor custom-login/protractor.conf.js",
      "resource-server": "node scripts/node-resource-server.js",
      "test:e2e": "npm run test:okta-hosted-login && npm run stop && npm run test:custom-login",
      "test:unit": "npm run test --prefix okta-hosted-login/ && npm run test --prefix custom-login/",
      "preresource-server": "npm run setup-env",
      "pretest": "node ./scripts/update-se-drivers.js && npm run setup-env",
      "pretest-legacy": "npm run webdriver-update-legacy && npm run setup-env",
      "postinstall": "npm run install-custom-login && npm run install-okta-hosted-login",
      "setup-env": "node scripts/setup-env.js",
      "install-custom-login": "cd custom-login && npm install",
      "install-okta-hosted-login": "cd okta-hosted-login && npm install",
      "webdriver-update": "webdriver-manager update --versions.standalone=3.141.59 --gecko false",
      "webdriver-update-legacy": "webdriver-manager update --versions.standalone=3.141.59 --versions.chrome 2.45 --gecko false",
      "stop": "kill -s TERM $(lsof -t -i:8080 -sTCP:LISTEN) || true"
    },
    "author": "",
    "license": "Apache-2.0",
    "repository": {
      "type": "git",
      "url": "https://github.com/okta/samples-js-react.git"
    },
    "bugs": "https://github.com/okta/samples-js-react/issues",
    "homepage": "https://github.com/okta/samples-js-react",
    "devDependencies": {
      "find-process": "^1.4.4",
      "forever-monitor": "^3.0.3",
      "globby": "^11.0.2",
      "jasmine-reporters": "^2.3.2",
      "platform": "^1.3.6",
      "protractor": "^7.0.0",
      "typescript": "^4.1.3",
      "wait-on": "^5.2.1"
    },
    "bin": {},
    "dependencies": {
      "axios": "^0.21.1",
      "dotenv": "^8.2.0"
    },
    "private": true
  }

yarn manifest: 
  No manifest

Lockfile: 
  No lockfile
